2024-12-04 22:01:30 0 [Note] InnoDB: Mutexes and rw_locks use Windows interlocked functions
2024-12-04 22:01:30 0 [Note] InnoDB: Uses event mutexes
2024-12-04 22:01:30 0 [Note] InnoDB: Compressed tables use zlib 1.2.11
2024-12-04 22:01:30 0 [Note] InnoDB: Number of pools: 1
2024-12-04 22:01:30 0 [Note] InnoDB: Using SSE2 crc32 instructions
2024-12-04 22:01:30 0 [Note] InnoDB: Initializing buffer pool, total size = 16M, instances = 1, chunk size = 16M
2024-12-04 22:01:30 0 [Note] InnoDB: Completed initialization of buffer pool
2024-12-04 22:01:30 0 [Note] InnoDB: Starting crash recovery from checkpoint LSN=300288
2024-12-04 22:01:30 0 [Note] InnoDB: 128 out of 128 rollback segments are active.
2024-12-04 22:01:30 0 [Note] InnoDB: Removed temporary tablespace data file: "ibtmp1"
2024-12-04 22:01:30 0 [Note] InnoDB: Creating shared tablespace for temporary tables
2024-12-04 22:01:30 0 [Note] InnoDB: Setting file 'C:\xampp\mysql\data\ibtmp1' size to 12 MB. Physically writing the file full; Please wait ...
2024-12-04 22:01:30 0 [Note] InnoDB: File 'C:\xampp\mysql\data\ibtmp1' size is now 12 MB.
2024-12-04 22:01:30 0 [Note] InnoDB: Waiting for purge to start
2024-12-04 22:01:30 0 [Note] InnoDB: 10.4.21 started; log sequence number 300297; transaction id 170
2024-12-04 22:01:30 0 [Note] InnoDB: Loading buffer pool(s) from C:\xampp\mysql\data\ib_buffer_pool
2024-12-04 22:01:30 0 [Note] Plugin 'FEEDBACK' is disabled.
2024-12-04 22:01:30 0 [Note] Server socket created on IP: '::'.
2024-12-04 22:01:30 0 [Note] InnoDB: Buffer pool(s) load compl2024-12-06 14:23:29 0 [Note] InnoDB: Mutexes and rw_locks use Windows interlocked functions
2024-12-06 14:23:29 0 [Note] InnoDB: Uses event mutexes
2024-12-06 14:23:29 0 [Note] InnoDB: Compressed tables use zlib 1.2.11
2024-12-06 14:23:29 0 [Note] InnoDB: Number of pools: 1
2024-12-06 14:23:29 0 [Note] InnoDB: Using SSE2 crc32 instructions
2024-12-06 14:23:29 0 [Note] InnoDB: Initializing buffer pool, total size = 16M, instances = 1, chunk size = 16M
2024-12-06 14:23:29 0 [Note] InnoDB: Completed initialization of buffer pool
2024-12-06 14:23:29 0 [Note] InnoDB: Starting crash recovery from checkpoint LSN=445401
2024-12-06 14:23:29 0 [Note] InnoDB: 128 out of 128 rollback segments are active.
2024-12-06 14:23:29 0 [Note] InnoDB: Removed temporary tablespace data file: "ibtmp1"
2024-12-06 14:23:29 0 [Note] InnoDB: Creating shared tablespace for temporary tables
2024-12-06 14:23:29 0 [Note] InnoDB: Setting file 'C:\xampp\mysql\data\ibtmp1' size to 12 MB. Physically writing the file full; Please wait ...
2024-12-06 14:23:29 0 [Note] InnoDB: File 'C:\xampp\mysql\data\ibtmp1' size is now 12 MB.
2024-12-06 14:23:29 0 [Note] InnoDB: Waiting for purge to start
2024-12-06 14:23:30 0 [Note] InnoDB: 10.4.21 started; log sequence number 445410; transaction id 500
2024-12-06 14:23:30 0 [Note] InnoDB: Loading buffer pool(s) from C:\xampp\mysql\data\ib_buffer_pool
2024-12-06 14:23:30 0 [Note] Plugin 'FEEDBACK' is disabled.
2024-12-06 14:23:30 0 [Note] InnoDB: Buffer pool(s) load completed at 241206 14:23:30
2024-12-06 14:23:30 0 [Note] Server socket created on IP: '::'.
2024-12-21 19:36:03 0 [Note] InnoDB: Mutexes and rw_locks use Windows interlocked functions
2024-12-21 19:36:03 0 [Note] InnoDB: Uses event mutexes
2024-12-21 19:36:03 0 [Note] InnoDB: Compressed tables use zlib 1.2.11
2024-12-21 19:36:03 0 [Note] InnoDB: Number of pools: 1
2024-12-21 19:36:03 0 [Note] InnoDB: Using SSE2 crc32 instructions
2024-12-21 19:36:03 0 [Note] InnoDB: Initializing buffer pool, total size = 16M, instances = 1, chunk size = 16M
2024-12-21 19:36:03 0 [Note] InnoDB: Completed initialization of buffer pool
2024-12-21 19:36:03 0 [Note] InnoDB: Starting crash recovery from checkpoint LSN=449262
2024-12-21 19:36:03 0 [Note] InnoDB: 128 out of 128 rollback segments are active.
2024-12-21 19:36:03 0 [Note] InnoDB: Removed temporary tablespace data file: "ibtmp1"
2024-12-21 19:36:03 0 [Note] InnoDB: Creating shared tablespace for temporary tables
2024-12-21 19:36:03 0 [Note] InnoDB: Setting file 'C:\xampp\mysql\data\ibtmp1' size to 12 MB. Physically writing the file full; Please wait ...
2024-12-21 19:36:03 0 [Note] InnoDB: File 'C:\xampp\mysql\data\ibtmp1' size is now 12 MB.
2024-12-21 19:36:03 0 [Note] InnoDB: Waiting for purge to start
2024-12-21 19:36:03 0 [Note] InnoDB: 10.4.21 started; log sequence number 449271; transaction id 547
2024-12-21 19:36:03 0 [Note] InnoDB: Loading buffer pool(s) from C:\xampp\mysql\data\ib_buffer_pool
2024-12-21 19:36:03 0 [Note] Plugin 'FEEDBACK' is disabled.
2024-12-21 19:36:03 0 [Note] InnoDB: Buffer pool(s) load completed at 241221 19:36:03
2024-12-21 19:36:03 0 [Note] Server socket created on IP: '::'.
2025-01-18  9:57:20 0 [Note] InnoDB: Mutexes and rw_locks use Windows interlocked functions
2025-01-18  9:57:20 0 [Note] InnoDB: Uses event mutexes
2025-01-18  9:57:20 0 [Note] InnoDB: Compressed tables use zlib 1.2.11
2025-01-18  9:57:20 0 [Note] InnoDB: Number of pools: 1
2025-01-18  9:57:20 0 [Note] InnoDB: Using SSE2 crc32 instructions
2025-01-18  9:57:20 0 [Note] InnoDB: Initializing buffer pool, total size = 16M, instances = 1, chunk size = 16M
2025-01-18  9:57:20 0 [Note] InnoDB: Completed initialization of buffer pool
2025-01-18  9:57:20 0 [Note] InnoDB: Starting crash recovery from checkpoint LSN=450326
2025-01-18  9:57:21 0 [Note] InnoDB: 128 out of 128 rollback segments are active.
2025-01-18  9:57:21 0 [Note] InnoDB: Removed temporary tablespace data file: "ibtmp1"
2025-01-18  9:57:21 0 [Note] InnoDB: Creating shared tablespace for temporary tables
2025-01-18  9:57:21 0 [Note] InnoDB: Setting file 'C:\xampp\mysql\data\ibtmp1' size to 12 MB. Physically writing the file full; Please wait ...
2025-01-18  9:57:21 0 [Note] InnoDB: File 'C:\xampp\mysql\data\ibtmp1' size is now 12 MB.
2025-01-18  9:57:21 0 [Note] InnoDB: Waiting for purge to start
2025-01-18  9:57:21 0 [Note] InnoDB: 10.4.21 started; log sequence number 450335; transaction id 561
2025-01-18  9:57:21 0 [Note] InnoDB: Loading buffer pool(s) from C:\xampp\mysql\data\ib_buffer_pool
2025-01-18  9:57:21 0 [Note] Plugin 'FEEDBACK' is disabled.
2025-01-18  9:57:21 0 [Note] InnoDB: Buffer pool(s) load completed at 250118  9:57:21
2025-01-18  9:57:21 0 [Note] Server socket created on IP: '::'.
2025-01-25  9:59:49 0 [Note] InnoDB: Mutexes and rw_locks use Windows interlocked functions
2025-01-25  9:59:49 0 [Note] InnoDB: Uses event mutexes
2025-01-25  9:59:49 0 [Note] InnoDB: Compressed tables use zlib 1.2.11
2025-01-25  9:59:49 0 [Note] InnoDB: Number of pools: 1
2025-01-25  9:59:49 0 [Note] InnoDB: Using SSE2 crc32 instructions
2025-01-25  9:59:49 0 [Note] InnoDB: Initializing buffer pool, total size = 16M, instances = 1, chunk size = 16M
2025-01-25  9:59:49 0 [Note] InnoDB: Completed initialization of buffer pool
2025-01-25  9:59:49 0 [Note] InnoDB: Starting crash recovery from checkpoint LSN=450661
2025-01-25  9:59:49 0 [Note] InnoDB: 128 out of 128 rollback segments are active.
2025-01-25  9:59:49 0 [Note] InnoDB: Removed temporary tablespace data file: "ibtmp1"
2025-01-25  9:59:49 0 [Note] InnoDB: Creating shared tablespace for temporary tables
2025-01-25  9:59:49 0 [Note] InnoDB: Setting file 'C:\xampp\mysql\data\ibtmp1' size to 12 MB. Physically writing the file full; Please wait ...
2025-01-25  9:59:49 0 [Note] InnoDB: File 'C:\xampp\mysql\data\ibtmp1' size is now 12 MB.
2025-01-25  9:59:49 0 [Note] InnoDB: Waiting for purge to start
2025-01-25  9:59:49 0 [Note] InnoDB: 10.4.21 started; log sequence number 450670; transaction id 584
2025-01-25  9:59:49 0 [Note] InnoDB: Loading buffer pool(s) from C:\xampp\mysql\data\ib_buffer_pool
2025-01-25  9:59:49 0 [Note] Plugin 'FEEDBACK' is disabled.
2025-01-25  9:59:49 0 [Note] InnoDB: Buffer pool(s) load completed at 250125  9:59:49
2025-01-25  9:59:49 0 [Note] Server socket created on IP: '::'.
2025-02-02 11:34:18 0 [Note] InnoDB: Mutexes and rw_locks use Windows interlocked functions
2025-02-02 11:34:18 0 [Note] InnoDB: Uses event mutexes
2025-02-02 11:34:18 0 [Note] InnoDB: Compressed tables use zlib 1.2.11
2025-02-02 11:34:18 0 [Note] InnoDB: Number of pools: 1
2025-02-02 11:34:18 0 [Note] InnoDB: Using SSE2 crc32 instructions
2025-02-02 11:34:18 0 [Note] InnoDB: Initializing buffer pool, total size = 16M, instances = 1, chunk size = 16M
2025-02-02 11:34:18 0 [Note] InnoDB: Completed initialization of buffer pool
2025-02-02 11:34:18 0 [Note] InnoDB: Starting crash recovery from checkpoint LSN=482706
2025-02-02 11:34:18 0 [Note] InnoDB: 128 out of 128 rollback segments are active.
2025-02-02 11:34:18 0 [Note] InnoDB: Removed temporary tablespace data file: "ibtmp1"
2025-02-02 11:34:18 0 [Note] InnoDB: Creating shared tablespace for temporary tables
2025-02-02 11:34:18 0 [Note] InnoDB: Setting file 'C:\xampp\mysql\data\ibtmp1' size to 12 MB. Physically writing the file full; Please wait ...
2025-02-02 11:34:18 0 [Note] InnoDB: File 'C:\xampp\mysql\data\ibtmp1' size is now 12 MB.
2025-02-02 11:34:18 0 [Note] InnoDB: Waiting for purge to start
2025-02-02 11:34:18 0 [Note] InnoDB: 10.4.21 started; log sequence number 482715; transaction id 694
2025-02-02 11:34:18 0 [Note] InnoDB: Loading buffer pool(s) from C:\xampp\mysql\data\ib_buffer_pool
2025-02-02 11:34:18 0 [Note] Plugin 'FEEDBACK' is disabled.
2025-02-02 11:34:18 0 [Note] InnoDB: Buffer pool(s) load completed at 250202 11:34:18
2025-02-02 11:34:18 0 [Note] Server socket created on IP: '::'.
