[Wed Dec 04 22:01:06.025032 2024] [ssl:warn] [pid 3792:tid 592] AH01909: www.example.com:443:0 server certificate does NOT include an ID which matches the server name
[Wed Dec 04 22:01:06.048296 2024] [ssl:warn] [pid 3792:tid 592] AH01909: www.example.com:443:0 server certificate does NOT include an ID which matches the server name
[Wed Dec 04 22:01:06.081386 2024] [mpm_winnt:notice] [pid 3792:tid 592] AH00455: Apache/2.4.51 (Win64) OpenSSL/1.1.1l PHP/7.4.24 configured -- resuming normal operations
[Wed Dec 04 22:01:06.081386 2024] [mpm_winnt:notice] [pid 3792:tid 592] AH00456: Apache Lounge VC15 Server built: Oct  8 2021 10:03:59
[Wed Dec 04 22:01:06.081386 2024] [core:notice] [pid 3792:tid 592] AH00094: Command line: 'C:\\xampp\\apache\\bin\\httpd.exe -d C:/xampp/apache'
[Wed Dec 04 22:01:06.085459 2024] [mpm_winnt:notice] [pid 3792:tid 592] AH00418: Parent: Created child process 14040
[Wed Dec 04 22:01:06.386042 2024] [ssl:warn] [pid 14040:tid 600] AH01909: www.example.com:443:0 server certificate does NOT include an ID which matches the server name
[Wed Dec 04 22:01:06.407458 2024] [ssl:warn] [pid 14040:tid 600] AH01909: www.example.com:443:0 server certificate does NOT include an ID which matches the server name
[Wed Dec 04 22:01:06.424000 2024] [mpm_winnt:notice] [pid 14040:tid 600] AH00354: Child: Starting 150 worker threads.
[Wed Dec 04 22:01:28.724831 2024] [ssl:warn] [pid 18388:tid 620] AH01909: www.example.com:443:0 server certificate does NOT include an ID which matches the server name
[Wed Dec 04 22:01:28.745410 2024] [ssl:warn] [pid 18388:tid 620] AH01909: www.example.com:443:0 server certificate does NOT include an ID which matches the server name
[Wed Dec 04 22:01:28.763814 2024] [mpm_winnt:notice] [pid 18388:tid 620] AH00455: Apache/2.4.51 (Win64) OpenSSL/1.1.1l PHP/7.4.24 configured -- resuming normal operations
[Wed Dec 04 22:01:28.763814 2024] [mpm_winnt:notice] [pid 18388:tid 620] AH00456: Apache Lounge VC15 Server built: Oct  8 2021 10:03:59
[Wed Dec 04 22:01:28.763814 2024] [core:notice] [pid 18388:tid 620] AH00094: Command line: 'c:\\xampp\\apache\\bin\\httpd.exe -d C:/xampp/apache'
[Wed Dec 04 22:01:28.767659 2024] [mpm_winnt:notice] [pid 18388:tid 620] AH00418: Parent: Created child process 14104
[Wed Dec 04 22:01:29.061480 2024] [ssl:warn] [pid 14104:tid 632] AH01909: www.example.com:443:0 server certificate does NOT include an ID which matches the server name
[Wed Dec 04 22:01:29.080947 2024] [ssl:warn] [pid 14104:tid 632] AH01909: www.example.com:443:0 server certificate does NOT include an ID which matches the server name
[Wed Dec 04 22:01:29.095546 2024] [mpm_winnt:notice] [pid 14104:tid 632] AH00354: Child: Starting 150 worker threads.
[Fri Dec 06 14:23:31.933116 2024] [ssl:warn] [pid 16332:tid 648] AH01909: www.example.com:443:0 server certificate does NOT include an ID which matches the server name
[Fri Dec 06 14:23:31.988929 2024] [core:warn] [pid 16332:tid 648] AH00098: pid file C:/xampp/apache/logs/httpd.pid overwritten -- Unclean shutdown of previous Apache run?
[Fri Dec 06 14:23:31.991920 2024] [ssl:warn] [pid 16332:tid 648] AH01909: www.example.com:443:0 server certificate does NOT include an ID which matches the server name
[Fri Dec 06 14:23:32.914395 2024] [mpm_winnt:notice] [pid 16332:tid 648] AH00455: Apache/2.4.51 (Win64) OpenSSL/1.1.1l PHP/7.4.24 configured -- resuming normal operations
[Fri Dec 06 14:23:32.914395 2024] [mpm_winnt:notice] [pid 16332:tid 648] AH00456: Apache Lounge VC15 Server built: Oct  8 2021 10:03:59
[Fri Dec 06 14:23:32.914395 2024] [core:notice] [pid 16332:tid 648] AH00094: Command line: 'c:\\xampp\\apache\\bin\\httpd.exe -d C:/xampp/apache'
[Fri Dec 06 14:23:32.920375 2024] [mpm_winnt:notice] [pid 16332:tid 648] AH00418: Parent: Created child process 16912
[Fri Dec 06 14:23:33.483513 2024] [ssl:warn] [pid 16912:tid 604] AH01909: www.example.com:443:0 server certificate does NOT include an ID which matches the server name
[Fri Dec 06 14:23:33.542319 2024] [ssl:warn] [pid 16912:tid 604] AH01909: www.example.com:443:0 server certificate does NOT include an ID which matches the server name
[Fri Dec 06 14:23:33.579192 2024] [mpm_winnt:notice] [pid 16912:tid 604] AH00354: Child: Starting 150 worker threads.
[Sat Dec 21 19:36:03.942271 2024] [ssl:warn] [pid 17304:tid 628] AH01909: www.example.com:443:0 server certificate does NOT include an ID which matches the server name
[Sat Dec 21 19:36:03.962465 2024] [core:warn] [pid 17304:tid 628] AH00098: pid file C:/xampp/apache/logs/httpd.pid overwritten -- Unclean shutdown of previous Apache run?
[Sat Dec 21 19:36:03.966460 2024] [ssl:warn] [pid 17304:tid 628] AH01909: www.example.com:443:0 server certificate does NOT include an ID which matches the server name
[Sat Dec 21 19:36:04.231069 2024] [mpm_winnt:notice] [pid 17304:tid 628] AH00455: Apache/2.4.51 (Win64) OpenSSL/1.1.1l PHP/7.4.24 configured -- resuming normal operations
[Sat Dec 21 19:36:04.231069 2024] [mpm_winnt:notice] [pid 17304:tid 628] AH00456: Apache Lounge VC15 Server built: Oct  8 2021 10:03:59
[Sat Dec 21 19:36:04.231069 2024] [core:notice] [pid 17304:tid 628] AH00094: Command line: 'c:\\xampp\\apache\\bin\\httpd.exe -d C:/xampp/apache'
[Sat Dec 21 19:36:04.233061 2024] [mpm_winnt:notice] [pid 17304:tid 628] AH00418: Parent: Created child process 2416
[Sat Dec 21 19:36:04.444721 2024] [ssl:warn] [pid 2416:tid 600] AH01909: www.example.com:443:0 server certificate does NOT include an ID which matches the server name
[Sat Dec 21 19:36:04.461882 2024] [ssl:warn] [pid 2416:tid 600] AH01909: www.example.com:443:0 server certificate does NOT include an ID which matches the server name
[Sat Dec 21 19:36:04.479822 2024] [mpm_winnt:notice] [pid 2416:tid 600] AH00354: Child: Starting 150 worker threads.
[Sat Jan 18 09:57:20.490976 2025] [ssl:warn] [pid 10480:tid 456] AH01909: www.example.com:443:0 server certificate does NOT include an ID which matches the server name
[Sat Jan 18 09:57:20.533430 2025] [core:warn] [pid 10480:tid 456] AH00098: pid file C:/xampp/apache/logs/httpd.pid overwritten -- Unclean shutdown of previous Apache run?
[Sat Jan 18 09:57:20.533430 2025] [ssl:warn] [pid 10480:tid 456] AH01909: www.example.com:443:0 server certificate does NOT include an ID which matches the server name
[Sat Jan 18 09:57:21.028844 2025] [mpm_winnt:notice] [pid 10480:tid 456] AH00455: Apache/2.4.51 (Win64) OpenSSL/1.1.1l PHP/7.4.24 configured -- resuming normal operations
[Sat Jan 18 09:57:21.028844 2025] [mpm_winnt:notice] [pid 10480:tid 456] AH00456: Apache Lounge VC15 Server built: Oct  8 2021 10:03:59
[Sat Jan 18 09:57:21.028844 2025] [core:notice] [pid 10480:tid 456] AH00094: Command line: 'c:\\xampp\\apache\\bin\\httpd.exe -d C:/xampp/apache'
[Sat Jan 18 09:57:21.028844 2025] [mpm_winnt:notice] [pid 10480:tid 456] AH00418: Parent: Created child process 10892
[Sat Jan 18 09:57:21.317169 2025] [ssl:warn] [pid 10892:tid 608] AH01909: www.example.com:443:0 server certificate does NOT include an ID which matches the server name
[Sat Jan 18 09:57:21.352461 2025] [ssl:warn] [pid 10892:tid 608] AH01909: www.example.com:443:0 server certificate does NOT include an ID which matches the server name
[Sat Jan 18 09:57:21.376960 2025] [mpm_winnt:notice] [pid 10892:tid 608] AH00354: Child: Starting 150 worker threads.
[Sat Jan 25 09:59:49.198729 2025] [ssl:warn] [pid 9268:tid 604] AH01909: www.example.com:443:0 server certificate does NOT include an ID which matches the server name
[Sat Jan 25 09:59:49.214351 2025] [core:warn] [pid 9268:tid 604] AH00098: pid file C:/xampp/apache/logs/httpd.pid overwritten -- Unclean shutdown of previous Apache run?
[Sat Jan 25 09:59:49.229974 2025] [ssl:warn] [pid 9268:tid 604] AH01909: www.example.com:443:0 server certificate does NOT include an ID which matches the server name
[Sat Jan 25 09:59:49.499473 2025] [mpm_winnt:notice] [pid 9268:tid 604] AH00455: Apache/2.4.51 (Win64) OpenSSL/1.1.1l PHP/7.4.24 configured -- resuming normal operations
[Sat Jan 25 09:59:49.499473 2025] [mpm_winnt:notice] [pid 9268:tid 604] AH00456: Apache Lounge VC15 Server built: Oct  8 2021 10:03:59
[Sat Jan 25 09:59:49.499473 2025] [core:notice] [pid 9268:tid 604] AH00094: Command line: 'c:\\xampp\\apache\\bin\\httpd.exe -d C:/xampp/apache'
[Sat Jan 25 09:59:49.515097 2025] [mpm_winnt:notice] [pid 9268:tid 604] AH00418: Parent: Created child process 17456
[Sat Jan 25 09:59:49.715592 2025] [ssl:warn] [pid 17456:tid 616] AH01909: www.example.com:443:0 server certificate does NOT include an ID which matches the server name
[Sat Jan 25 09:59:49.731218 2025] [ssl:warn] [pid 17456:tid 616] AH01909: www.example.com:443:0 server certificate does NOT include an ID which matches the server name
[Sat Jan 25 09:59:49.753344 2025] [mpm_winnt:notice] [pid 17456:tid 616] AH00354: Child: Starting 150 worker threads.
[Sun Feb 02 11:34:17.794063 2025] [ssl:warn] [pid 13348:tid 616] AH01909: www.example.com:443:0 server certificate does NOT include an ID which matches the server name
[Sun Feb 02 11:34:17.834926 2025] [core:warn] [pid 13348:tid 616] AH00098: pid file C:/xampp/apache/logs/httpd.pid overwritten -- Unclean shutdown of previous Apache run?
[Sun Feb 02 11:34:17.836921 2025] [ssl:warn] [pid 13348:tid 616] AH01909: www.example.com:443:0 server certificate does NOT include an ID which matches the server name
[Sun Feb 02 11:34:18.274456 2025] [mpm_winnt:notice] [pid 13348:tid 616] AH00455: Apache/2.4.51 (Win64) OpenSSL/1.1.1l PHP/7.4.24 configured -- resuming normal operations
[Sun Feb 02 11:34:18.274456 2025] [mpm_winnt:notice] [pid 13348:tid 616] AH00456: Apache Lounge VC15 Server built: Oct  8 2021 10:03:59
[Sun Feb 02 11:34:18.274456 2025] [core:notice] [pid 13348:tid 616] AH00094: Command line: 'c:\\xampp\\apache\\bin\\httpd.exe -d C:/xampp/apache'
[Sun Feb 02 11:34:18.277446 2025] [mpm_winnt:notice] [pid 13348:tid 616] AH00418: Parent: Created child process 17336
[Sun Feb 02 11:34:18.643221 2025] [ssl:warn] [pid 17336:tid 548] AH01909: www.example.com:443:0 server certificate does NOT include an ID which matches the server name
[Sun Feb 02 11:34:18.674151 2025] [ssl:warn] [pid 17336:tid 548] AH01909: www.example.com:443:0 server certificate does NOT include an ID which matches the server name
[Sun Feb 02 11:34:18.699036 2025] [mpm_winnt:notice] [pid 17336:tid 548] AH00354: Child: Starting 150 worker threads.
